running egg_info
creating ../../build/rover_pkg/rover_pkg.egg-info
writing ../../build/rover_pkg/rover_pkg.egg-info/PKG-INFO
writing dependency_links to ../../build/rover_pkg/rover_pkg.egg-info/dependency_links.txt
writing entry points to ../../build/rover_pkg/rover_pkg.egg-info/entry_points.txt
writing requirements to ../../build/rover_pkg/rover_pkg.egg-info/requires.txt
writing top-level names to ../../build/rover_pkg/rover_pkg.egg-info/top_level.txt
writing manifest file '../../build/rover_pkg/rover_pkg.egg-info/SOURCES.txt'
reading manifest file '../../build/rover_pkg/rover_pkg.egg-info/SOURCES.txt'
adding license file 'LICENSE'
writing manifest file '../../build/rover_pkg/rover_pkg.egg-info/SOURCES.txt'
running build
running build_py
creating /home/abhi-gade/swagat_vahak/build/rover_pkg/build
creating /home/abhi-gade/swagat_vahak/build/rover_pkg/build/lib
creating /home/abhi-gade/swagat_vahak/build/rover_pkg/build/lib/rover_pkg
copying rover_pkg/__init__.py -> /home/abhi-gade/swagat_vahak/build/rover_pkg/build/lib/rover_pkg
running install
running install_lib
creating /home/abhi-gade/swagat_vahak/install/rover_pkg/lib/python3.10/site-packages/rover_pkg
copying /home/abhi-gade/swagat_vahak/build/rover_pkg/build/lib/rover_pkg/__init__.py -> /home/abhi-gade/swagat_vahak/install/rover_pkg/lib/python3.10/site-packages/rover_pkg
byte-compiling /home/abhi-gade/swagat_vahak/install/rover_pkg/lib/python3.10/site-packages/rover_pkg/__init__.py to __init__.cpython-310.pyc
running install_data
creating /home/abhi-gade/swagat_vahak/install/rover_pkg/share/ament_index
creating /home/abhi-gade/swagat_vahak/install/rover_pkg/share/ament_index/resource_index
creating /home/abhi-gade/swagat_vahak/install/rover_pkg/share/ament_index/resource_index/packages
copying resource/rover_pkg -> /home/abhi-gade/swagat_vahak/install/rover_pkg/share/ament_index/resource_index/packages
copying package.xml -> /home/abhi-gade/swagat_vahak/install/rover_pkg/share/rover_pkg
running install_egg_info
Copying ../../build/rover_pkg/rover_pkg.egg-info to /home/abhi-gade/swagat_vahak/install/rover_pkg/lib/python3.10/site-packages/rover_pkg-0.0.0-py3.10.egg-info
running install_scripts
writing list of installed files to '/home/abhi-gade/swagat_vahak/build/rover_pkg/install.log'
