[0.519s] Invoking command in '/home/abhi-gade/swagat_vahak/src/rover_pkg': PYTHONPATH=/home/abhi-gade/swagat_vahak/build/rover_pkg/prefix_override:/usr/lib/python3/dist-packages/colcon_core/task/python/colcon_distutils_commands:/home/abhi-gade/swagat_vahak/install/rover_pkg/lib/python3.10/site-packages:${PYTHONPATH} /usr/bin/python3 -W ignore:setup.py install is deprecated -W ignore:easy_install command is deprecated setup.py egg_info --egg-base ../../build/rover_pkg build --build-base /home/abhi-gade/swagat_vahak/build/rover_pkg/build install --record /home/abhi-gade/swagat_vahak/build/rover_pkg/install.log --single-version-externally-managed install_data
[0.714s] running egg_info
[0.715s] creating ../../build/rover_pkg/rover_pkg.egg-info
[0.715s] writing ../../build/rover_pkg/rover_pkg.egg-info/PKG-INFO
[0.715s] writing dependency_links to ../../build/rover_pkg/rover_pkg.egg-info/dependency_links.txt
[0.715s] writing entry points to ../../build/rover_pkg/rover_pkg.egg-info/entry_points.txt
[0.716s] writing requirements to ../../build/rover_pkg/rover_pkg.egg-info/requires.txt
[0.716s] writing top-level names to ../../build/rover_pkg/rover_pkg.egg-info/top_level.txt
[0.716s] writing manifest file '../../build/rover_pkg/rover_pkg.egg-info/SOURCES.txt'
[0.717s] reading manifest file '../../build/rover_pkg/rover_pkg.egg-info/SOURCES.txt'
[0.717s] adding license file 'LICENSE'
[0.718s] writing manifest file '../../build/rover_pkg/rover_pkg.egg-info/SOURCES.txt'
[0.718s] running build
[0.718s] running build_py
[0.718s] creating /home/abhi-gade/swagat_vahak/build/rover_pkg/build
[0.718s] creating /home/abhi-gade/swagat_vahak/build/rover_pkg/build/lib
[0.718s] creating /home/abhi-gade/swagat_vahak/build/rover_pkg/build/lib/rover_pkg
[0.718s] copying rover_pkg/__init__.py -> /home/abhi-gade/swagat_vahak/build/rover_pkg/build/lib/rover_pkg
[0.718s] running install
[0.718s] running install_lib
[0.719s] creating /home/abhi-gade/swagat_vahak/install/rover_pkg/lib/python3.10/site-packages/rover_pkg
[0.719s] copying /home/abhi-gade/swagat_vahak/build/rover_pkg/build/lib/rover_pkg/__init__.py -> /home/abhi-gade/swagat_vahak/install/rover_pkg/lib/python3.10/site-packages/rover_pkg
[0.720s] byte-compiling /home/abhi-gade/swagat_vahak/install/rover_pkg/lib/python3.10/site-packages/rover_pkg/__init__.py to __init__.cpython-310.pyc
[0.720s] running install_data
[0.720s] creating /home/abhi-gade/swagat_vahak/install/rover_pkg/share/ament_index
[0.720s] creating /home/abhi-gade/swagat_vahak/install/rover_pkg/share/ament_index/resource_index
[0.720s] creating /home/abhi-gade/swagat_vahak/install/rover_pkg/share/ament_index/resource_index/packages
[0.720s] copying resource/rover_pkg -> /home/abhi-gade/swagat_vahak/install/rover_pkg/share/ament_index/resource_index/packages
[0.720s] copying package.xml -> /home/abhi-gade/swagat_vahak/install/rover_pkg/share/rover_pkg
[0.720s] running install_egg_info
[0.722s] Copying ../../build/rover_pkg/rover_pkg.egg-info to /home/abhi-gade/swagat_vahak/install/rover_pkg/lib/python3.10/site-packages/rover_pkg-0.0.0-py3.10.egg-info
[0.722s] running install_scripts
[0.740s] writing list of installed files to '/home/abhi-gade/swagat_vahak/build/rover_pkg/install.log'
[0.758s] Invoked command in '/home/abhi-gade/swagat_vahak/src/rover_pkg' returned '0': PYTHONPATH=/home/abhi-gade/swagat_vahak/build/rover_pkg/prefix_override:/usr/lib/python3/dist-packages/colcon_core/task/python/colcon_distutils_commands:/home/abhi-gade/swagat_vahak/install/rover_pkg/lib/python3.10/site-packages:${PYTHONPATH} /usr/bin/python3 -W ignore:setup.py install is deprecated -W ignore:easy_install command is deprecated setup.py egg_info --egg-base ../../build/rover_pkg build --build-base /home/abhi-gade/swagat_vahak/build/rover_pkg/build install --record /home/abhi-gade/swagat_vahak/build/rover_pkg/install.log --single-version-externally-managed install_data
