[0.498s] Invoking command in '/home/abhi-gade/swagat_vahak/src/rover_pkg': PYTHONPATH=/home/abhi-gade/swagat_vahak/build/rover_pkg/prefix_override:/usr/lib/python3/dist-packages/colcon_core/task/python/colcon_distutils_commands:/home/abhi-gade/swagat_vahak/install/rover_pkg/lib/python3.10/site-packages:${PYTHONPATH} /usr/bin/python3 -W ignore:setup.py install is deprecated -W ignore:easy_install command is deprecated setup.py egg_info --egg-base ../../build/rover_pkg build --build-base /home/abhi-gade/swagat_vahak/build/rover_pkg/build install --record /home/abhi-gade/swagat_vahak/build/rover_pkg/install.log --single-version-externally-managed install_data
[0.706s] running egg_info
[0.706s] writing ../../build/rover_pkg/rover_pkg.egg-info/PKG-INFO
[0.707s] writing dependency_links to ../../build/rover_pkg/rover_pkg.egg-info/dependency_links.txt
[0.707s] writing entry points to ../../build/rover_pkg/rover_pkg.egg-info/entry_points.txt
[0.707s] writing requirements to ../../build/rover_pkg/rover_pkg.egg-info/requires.txt
[0.707s] writing top-level names to ../../build/rover_pkg/rover_pkg.egg-info/top_level.txt
[0.708s] reading manifest file '../../build/rover_pkg/rover_pkg.egg-info/SOURCES.txt'
[0.709s] adding license file 'LICENSE'
[0.709s] writing manifest file '../../build/rover_pkg/rover_pkg.egg-info/SOURCES.txt'
[0.709s] running build
[0.710s] running build_py
[0.710s] running install
[0.710s] running install_lib
[0.711s] running install_data
[0.711s] copying package.xml -> /home/abhi-gade/swagat_vahak/install/rover_pkg/share/rover_pkg
[0.711s] running install_egg_info
[0.713s] removing '/home/abhi-gade/swagat_vahak/install/rover_pkg/lib/python3.10/site-packages/rover_pkg-0.0.0-py3.10.egg-info' (and everything under it)
[0.714s] Copying ../../build/rover_pkg/rover_pkg.egg-info to /home/abhi-gade/swagat_vahak/install/rover_pkg/lib/python3.10/site-packages/rover_pkg-0.0.0-py3.10.egg-info
[0.714s] running install_scripts
[0.732s] writing list of installed files to '/home/abhi-gade/swagat_vahak/build/rover_pkg/install.log'
[0.752s] Invoked command in '/home/abhi-gade/swagat_vahak/src/rover_pkg' returned '0': PYTHONPATH=/home/abhi-gade/swagat_vahak/build/rover_pkg/prefix_override:/usr/lib/python3/dist-packages/colcon_core/task/python/colcon_distutils_commands:/home/abhi-gade/swagat_vahak/install/rover_pkg/lib/python3.10/site-packages:${PYTHONPATH} /usr/bin/python3 -W ignore:setup.py install is deprecated -W ignore:easy_install command is deprecated setup.py egg_info --egg-base ../../build/rover_pkg build --build-base /home/abhi-gade/swagat_vahak/build/rover_pkg/build install --record /home/abhi-gade/swagat_vahak/build/rover_pkg/install.log --single-version-externally-managed install_data
